<?xml version="1.0" encoding="UTF-8"?>
<!-- Generated by org.testng.reporters.JUnitXMLReporter -->
<testsuite ignored="0" hostname="Swatis-Mac.attlocal.net" failures="0" tests="3" name="Error Validation" time="69.369" errors="0" timestamp="2023-04-10T01:03:55 EDT">
  <testcase classname="SeleniumframeworkDesign.tests.ErrorValidationTest" name="LoginErrorValidation" time="25.915">
    <skipped/>
  </testcase> <!-- LoginErrorValidation -->
  <testcase classname="SeleniumframeworkDesign.tests.ErrorValidationTest" name="LoginErrorValidation" time="2.841"/>
  <testcase classname="SeleniumframeworkDesign.tests.ErrorValidationTest" name="ProductErrorValidation" time="6.355"/>
</testsuite> <!-- Error Validation -->
